<?xml version="1.0" encoding="UTF-8"?>
<!-- Generated by org.testng.reporters.JUnitXMLReporter -->
<testsuite ignored="0" hostname="DESKTOP-6SOJ5G0" failures="0" tests="10" name="Test" time="0.069" errors="0" timestamp="2022-08-16T22:25:39 IST">
  <testcase classname="testpage.NewTest" name="f" time="0.004"/>
  <testcase classname="testpage.LoginPageTest" name="f1" time="0.0"/>
  <testcase classname="testpage.LoginPageTest" name="test" time="0.002"/>
  <testcase classname="testpage.HomePageTest" name="f" time="0.001"/>
  <testcase classname="testpage.HomePageTest" name="login" time="0.001"/>
  <testcase classname="testpage.TestAllMethod" name="login" time="0.002"/>
  <testcase classname="testpage.TestAllMethod" name="searchPhone" time="0.002"/>
  <testcase classname="testpage.TestAllMethod" name="addToCart" time="0.001"/>
  <testcase classname="testpage.TestAllMethod" name="placeOrder" time="0.001"/>
  <testcase classname="testpage.TestAllMethod" name="returnOrder" time="0.002"/>
</testsuite> <!-- Test -->
